app/build/intermediates/manifest_merge_blame_file/release/manifest-merger-blame-release-report.txt
1<?xml version="1.0" encoding="utf-8"?>
2<manifest xmlns:android="http://schemas.android.com/apk/res/android"
3    package="com.mubarok.e_kas_masjid"
4    android:versionCode="1"
5    android:versionName="1.0" >
6
7    <uses-sdk
8        android:minSdkVersion="21"
8-->src\main\AndroidManifest.xml
9        android:targetSdkVersion="29" />
9-->src\main\AndroidManifest.xml
10
11    <uses-permission android:name="android.permission.INTERNET" />
11-->src\main\AndroidManifest.xml:5:5-66
11-->src\main\AndroidManifest.xml:5:22-64
12    <uses-permission android:name="android.permission.ACCESS_NETWORK_STATE" />
12-->src\main\AndroidManifest.xml:6:5-79
12-->src\main\AndroidManifest.xml:6:22-76
13    <uses-permission android:name="android.permission.WRITE_EXTERNAL_STORAGE" />
13-->src\main\AndroidManifest.xml:7:5-81
13-->src\main\AndroidManifest.xml:7:22-78
14    <uses-permission android:name="android.permission.SET_ALARM" />
14-->src\main\AndroidManifest.xml:8:5-68
14-->src\main\AndroidManifest.xml:8:22-65
15    <uses-permission android:name="android.permission.RECEIVE_BOOT_COMPLETED" />
15-->src\main\AndroidManifest.xml:9:5-81
15-->src\main\AndroidManifest.xml:9:22-78
16    <uses-permission android:name="android.permission.EXPAND_STATUS_BAR" />
16-->[com.github.jakebonk:NotifyMe:1.0.0] AndroidManifest.xml:11:5-76
16-->[com.github.jakebonk:NotifyMe:1.0.0] AndroidManifest.xml:11:22-73
17    <uses-permission android:name="android.permission.VIBRATE" />
17-->[com.wdullaer:materialdatetimepicker:3.6.0] AndroidManifest.xml:26:5-66
17-->[com.wdullaer:materialdatetimepicker:3.6.0] AndroidManifest.xml:26:22-63
18
19    <application
19-->src\main\AndroidManifest.xml:11:5-44:19
20        android:allowBackup="true"
20-->src\main\AndroidManifest.xml:12:9-35
21        android:appComponentFactory="androidx.core.app.CoreComponentFactory"
21-->[androidx.core:core:1.1.0] AndroidManifest.xml:24:18-86
22        android:icon="@drawable/logoekasm"
22-->src\main\AndroidManifest.xml:13:9-43
23        android:label="@string/app_name"
23-->src\main\AndroidManifest.xml:14:9-41
24        android:roundIcon="@drawable/logoekasm"
24-->src\main\AndroidManifest.xml:15:9-48
25        android:supportsRtl="true"
25-->src\main\AndroidManifest.xml:16:9-35
26        android:theme="@style/AppTheme" >
26-->src\main\AndroidManifest.xml:17:9-40
27        <receiver android:name="com.allyants.notifyme.NotificationPublisher" />
27-->src\main\AndroidManifest.xml:19:9-79
27-->src\main\AndroidManifest.xml:19:19-77
28        <receiver
28-->src\main\AndroidManifest.xml:20:9-26:20
29            android:name="com.allyants.notifyme.BootNotifyMe"
29-->src\main\AndroidManifest.xml:20:19-68
30            android:enabled="true"
30-->[com.github.jakebonk:NotifyMe:1.0.0] AndroidManifest.xml:16:13-35
31            android:exported="true" >
31-->[com.github.jakebonk:NotifyMe:1.0.0] AndroidManifest.xml:17:13-36
32            <intent-filter>
32-->src\main\AndroidManifest.xml:21:13-25:29
33                <action android:name="android.intent.action.BOOT_COMPLETED" />
33-->src\main\AndroidManifest.xml:22:17-78
33-->src\main\AndroidManifest.xml:22:25-76
34
35                <category android:name="android.intent.category.HOME" />
35-->src\main\AndroidManifest.xml:24:17-73
35-->src\main\AndroidManifest.xml:24:27-70
36            </intent-filter>
37        </receiver>
38
39        <activity android:name="com.mubarok.e_kas_masjid.LoginActivity" />
39-->src\main\AndroidManifest.xml:27:9-51
39-->src\main\AndroidManifest.xml:27:19-48
40        <activity android:name="com.mubarok.e_kas_masjid.SplashActivity" >
40-->src\main\AndroidManifest.xml:28:9-34:20
40-->src\main\AndroidManifest.xml:28:19-49
41            <intent-filter>
41-->src\main\AndroidManifest.xml:29:13-33:29
42                <action android:name="android.intent.action.MAIN" />
42-->src\main\AndroidManifest.xml:30:17-69
42-->src\main\AndroidManifest.xml:30:25-66
43
44                <category android:name="android.intent.category.LAUNCHER" />
44-->src\main\AndroidManifest.xml:32:17-77
44-->src\main\AndroidManifest.xml:32:27-74
45            </intent-filter>
46        </activity>
47        <activity android:name="com.mubarok.e_kas_masjid.DashboardActivity" />
47-->src\main\AndroidManifest.xml:35:9-54
47-->src\main\AndroidManifest.xml:35:19-52
48        <activity android:name="com.mubarok.e_kas_masjid.TransaksiActivity" />
48-->src\main\AndroidManifest.xml:36:9-54
48-->src\main\AndroidManifest.xml:36:19-52
49        <activity android:name="com.mubarok.e_kas_masjid.TransaksiTambahActivity" />
49-->src\main\AndroidManifest.xml:37:9-60
49-->src\main\AndroidManifest.xml:37:19-58
50        <activity android:name="com.mubarok.e_kas_masjid.TransaksiEditActivity" />
50-->src\main\AndroidManifest.xml:38:9-58
50-->src\main\AndroidManifest.xml:38:19-56
51        <activity android:name="com.mubarok.e_kas_masjid.LaporanActivity" />
51-->src\main\AndroidManifest.xml:39:9-52
51-->src\main\AndroidManifest.xml:39:19-50
52        <activity android:name="com.mubarok.e_kas_masjid.AkunActivity" />
52-->src\main\AndroidManifest.xml:40:9-49
52-->src\main\AndroidManifest.xml:40:19-47
53        <activity android:name="com.mubarok.e_kas_masjid.InfoAkunActivity" />
53-->src\main\AndroidManifest.xml:41:9-53
53-->src\main\AndroidManifest.xml:41:19-51
54        <activity android:name="com.mubarok.e_kas_masjid.GantiPasswordActivity" />
54-->src\main\AndroidManifest.xml:42:9-58
54-->src\main\AndroidManifest.xml:42:19-56
55        <activity android:name="com.mubarok.e_kas_masjid.TentangActivity" />
55-->src\main\AndroidManifest.xml:43:9-52
55-->src\main\AndroidManifest.xml:43:19-50
56
57        <receiver
57-->[com.github.jakebonk:NotifyMe:1.0.0] AndroidManifest.xml:18:9-21:39
58            android:name="com.allyants.notifyme.ActionReceiver"
58-->[com.github.jakebonk:NotifyMe:1.0.0] AndroidManifest.xml:19:13-64
59            android:enabled="true"
59-->[com.github.jakebonk:NotifyMe:1.0.0] AndroidManifest.xml:20:13-35
60            android:exported="true" />
60-->[com.github.jakebonk:NotifyMe:1.0.0] AndroidManifest.xml:21:13-36
61        <receiver
61-->[com.github.jakebonk:NotifyMe:1.0.0] AndroidManifest.xml:22:9-25:39
62            android:name="com.allyants.notifyme.DeletePendingIntent"
62-->[com.github.jakebonk:NotifyMe:1.0.0] AndroidManifest.xml:23:13-69
63            android:enabled="true"
63-->[com.github.jakebonk:NotifyMe:1.0.0] AndroidManifest.xml:24:13-35
64            android:exported="true" />
64-->[com.github.jakebonk:NotifyMe:1.0.0] AndroidManifest.xml:25:13-36
65    </application>
66
67</manifest>